<?xml version="1.0" encoding="UTF-8"?>
<!-- Generated by org.testng.reporters.JUnitXMLReporter -->
<testsuite hostname="ULTP_314" name="Location" tests="3" failures="0" timestamp="8 Jul 2014 10:06:53 GMT" time="36.593" errors="0">
  <testcase name="login" time="9.701" classname="ForgotPassword.AddLocation"/>
  <testcase name="addLocation" time="12.009" classname="ForgotPassword.AddLocation"/>
  <testcase name="deleteLocation" time="2.906" classname="ForgotPassword.AddLocation"/>
</testsuite> <!-- Location -->
