<?xml version="1.0" encoding="UTF-8"?>
<!-- Generated by org.testng.reporters.JUnitXMLReporter -->
<testsuite hostname="ULTP_314" name="LRSFunction1" tests="3" failures="3" timestamp="8 Jul 2014 10:26:25 GMT" time="0.009" errors="0">
  <testcase name="login" time="0.001" classname="ForgotPassword.AddLocation">
    <failure type="java.lang.NullPointerException">
      <![CDATA[java.lang.NullPointerException
	at ForgotPassword.AddLocation.login(AddLocation.java:46)
... Removed 24 stack frames]]>
    </failure>
  </testcase> <!-- login -->
  <testcase name="addLocation" time="0.001" classname="ForgotPassword.AddLocation">
    <failure type="java.lang.NullPointerException">
      <![CDATA[java.lang.NullPointerException
	at ForgotPassword.AddLocation.addLocation(AddLocation.java:60)
... Removed 24 stack frames]]>
    </failure>
  </testcase> <!-- addLocation -->
  <testcase name="deleteLocation" time="0.002" classname="ForgotPassword.AddLocation">
    <failure type="java.lang.NullPointerException">
      <![CDATA[java.lang.NullPointerException
	at ForgotPassword.AddLocation.deleteLocation(AddLocation.java:82)
... Removed 24 stack frames]]>
    </failure>
  </testcase> <!-- deleteLocation -->
</testsuite> <!-- LRSFunction1 -->
