<?xml version="1.0" encoding="UTF-8"?>
<!-- Generated by org.testng.reporters.JUnitXMLReporter -->
<testsuite hostname="ULTP_314" name="LRSLogin" tests="4" failures="0" timestamp="9 Jul 2014 09:22:08 GMT" time="51.183" errors="0">
  <testcase name="Login" time="9.575" classname="ForgotPassword.LoginTest"/>
  <testcase name="Login" time="9.515" classname="ForgotPassword.LoginTest"/>
  <testcase name="Login" time="9.457" classname="ForgotPassword.LoginTest"/>
  <testcase name="Login" time="9.546" classname="ForgotPassword.LoginTest"/>
</testsuite> <!-- LRSLogin -->
