<?xml version="1.0" encoding="UTF-8"?>
<!-- Generated by org.testng.reporters.JUnitXMLReporter -->
<testsuite hostname="ULTP_314" name="LRSTable" tests="1" failures="1" timestamp="8 Jul 2014 11:04:05 GMT" time="22.321" errors="0">
  <testcase name="searchForCreatedLocation" time="9.778" classname="ForgotPassword.TableTracker">
    <failure type="java.lang.NullPointerException">
      <![CDATA[java.lang.NullPointerException
	at ForgotPassword.TableTracker.searchForCreatedLocation(TableTracker.java:25)
... Removed 24 stack frames]]>
    </failure>
  </testcase> <!-- searchForCreatedLocation -->
</testsuite> <!-- LRSTable -->
